2024/06/07 00:24:56 reveal error:unexpected EOF
lock acquired  9
9 shuffling the entries, this is where we generate permuation matrix
Shuffling client 9
lock acquired  7
7 shuffling the entries, this is where we generate permuation matrix
Shuffling client 7
lock acquired  6
6 shuffling the entries, this is where we generate permuation matrix
Shuffling client 6
lock acquired  4
4 shuffling the entries, this is where we generate permuation matrix
Shuffling client 4
lock acquired  5
5 shuffling the entries, this is where we generate permuation matrix
Shuffling client 5
lock acquired  0
0 shuffling the entries, this is where we generate permuation matrix
Shuffling client 0
Client 0 protocol completed without reveal
{0 0.000572333 0.000458458 0.914417625 0 0 60558 26216 [50 68 131 219 222 235 45 58 203 200 245 205 2 157 41 11 138 30 241 72 2 144 92 225 83 160 36 239 249 126 41 200 49 156 212 146 125 199 7 182 135 228 204 71 63 148 100 217 196 51 215 210 112 26 167 208 72 182 193 55 134 188 71 185 91 167 27 96 6 228 185 189 65 192 221 40 61 131 189 249 126 70 127 15 147 122 94 38 32 155 59 159 65 189 191 174 220 187 198 14 125 37 245 5 236 207 46 73 96 99 84 255 194 86 208 203 176 166 205 205 90 174 106 2 28 186 172 149 195 19 82 69 245 67 55 33 62 151 235 142 79 92 164 91 97 30 54 240 174 93 98 156 160 87 180 57 169 185 46 208 87 15 148 161 234 69 71 86 160 224 158 57 189 177 176 6 244 192 150 100 160 185 122 110 219 12 178 62 62 238 65 249 112 89 133 39 162 69 51 216 142 37 22 58 232 13 193 132 80 31 149 202 0 137 81 155 181 233 206 243 105 204 107 134 76 45 206 33 124 199 18 99 170 137 49 228 224 185 213 154 114 93 29 167 176 235 248 205 84 224 182 95 217 191 74 163]}
2024/06/07 00:25:13 dialing:dial tcp: address 0: missing port in address
lock acquired  3
3 shuffling the entries, this is where we generate permuation matrix
Shuffling client 3
lock acquired  2
2 shuffling the entries, this is where we generate permuation matrix
Shuffling client 2
lock acquired  8
8 shuffling the entries, this is where we generate permuation matrix
Shuffling client 8
lock acquired  1
1 shuffling the entries, this is where we generate permuation matrix
Shuffling client 1
ZK proof passed for client 9
9 found entry
ZK Proof for encryption is verified for client  9
First Test PASSED!!!!!!!!!Sum of fs is equal to sum of ts
ZK Proof for encryption is verified for client  9
First Test PASSED!!!!!!!!!Sum of fs is equal to sum of ts
ZK Proof for encryption is verified for client  9
First Test PASSED!!!!!!!!!Sum of fs is equal to sum of ts
ZK Proof for encryption is verified for client  9
First Test PASSED!!!!!!!!!Sum of fs is equal to sum of ts
ZK Proof for encryption is verified for client  9
First Test PASSED!!!!!!!!!Sum of fs is equal to sum of ts
ZK Proof for encryption is verified for client  9
First Test PASSED!!!!!!!!!Sum of fs is equal to sum of ts
Second Test PASSED!!!!!!!!!
ZK Proof for encryption is verified for client  9
First Test PASSED!!!!!!!!!Sum of fs is equal to sum of ts
Reveal Successful  9
Third Test concerning the cyphertext shuffling PASSED!!!!!!!!!
found this guys id  9
Fourth Test PASSED!!!!!!!!!
ZK Proof for encryption is verified for client  9
First Test PASSED!!!!!!!!!Sum of fs is equal to sum of ts
Fifth Test PASSED!!!!!!!!!
Second Test PASSED!!!!!!!!!
Second Test PASSED!!!!!!!!!
Second Test PASSED!!!!!!!!!
ZK Proof for encryption is verified for client  7
First Test PASSED!!!!!!!!!Sum of fs is equal to sum of ts
Third Test concerning the cyphertext shuffling PASSED!!!!!!!!!
found this guys id  9
Fourth Test PASSED!!!!!!!!!
Third Test concerning the cyphertext shuffling PASSED!!!!!!!!!
found this guys id  9
Third Test concerning the cyphertext shuffling PASSED!!!!!!!!!
Fifth Test PASSED!!!!!!!!!
Fourth Test PASSED!!!!!!!!!
found this guys id  9
Second Test PASSED!!!!!!!!!
Fourth Test PASSED!!!!!!!!!
Fifth Test PASSED!!!!!!!!!
Fifth Test PASSED!!!!!!!!!
ZK proof passed for client 7
7 found entry
ZK Proof for encryption is verified for client  7
First Test PASSED!!!!!!!!!Sum of fs is equal to sum of ts
Reveal Successful  7
ZK Proof for encryption is verified for client  7
First Test PASSED!!!!!!!!!Sum of fs is equal to sum of ts
Third Test concerning the cyphertext shuffling PASSED!!!!!!!!!
Second Test PASSED!!!!!!!!!
Second Test PASSED!!!!!!!!!
found this guys id  9
Fourth Test PASSED!!!!!!!!!
Fifth Test PASSED!!!!!!!!!
ZK Proof for encryption is verified for client  7
First Test PASSED!!!!!!!!!Sum of fs is equal to sum of ts
Second Test PASSED!!!!!!!!!
Third Test concerning the cyphertext shuffling PASSED!!!!!!!!!
Third Test concerning the cyphertext shuffling PASSED!!!!!!!!!
found this guys id  9
found this guys id  9
Fourth Test PASSED!!!!!!!!!
Fourth Test PASSED!!!!!!!!!
Fifth Test PASSED!!!!!!!!!
Fifth Test PASSED!!!!!!!!!
ZK Proof for encryption is verified for client  7
First Test PASSED!!!!!!!!!Sum of fs is equal to sum of ts
ZK Proof for encryption is verified for client  7
Second Test PASSED!!!!!!!!!
First Test PASSED!!!!!!!!!Sum of fs is equal to sum of ts
Second Test PASSED!!!!!!!!!
Third Test concerning the cyphertext shuffling PASSED!!!!!!!!!
found this guys id  7
Fourth Test PASSED!!!!!!!!!
Fifth Test PASSED!!!!!!!!!
ZK Proof for encryption is verified for client  6
First Test PASSED!!!!!!!!!Sum of fs is equal to sum of ts
Third Test concerning the cyphertext shuffling PASSED!!!!!!!!!
found this guys id  7
Fourth Test PASSED!!!!!!!!!
Fifth Test PASSED!!!!!!!!!
ZK Proof for encryption is verified for client  6
First Test PASSED!!!!!!!!!Sum of fs is equal to sum of ts
Second Test PASSED!!!!!!!!!
Third Test concerning the cyphertext shuffling PASSED!!!!!!!!!
found this guys id  7
Fourth Test PASSED!!!!!!!!!
Fifth Test PASSED!!!!!!!!!
ZK proof passed for client 6
6 found entry
Reveal Successful  6
Second Test PASSED!!!!!!!!!
Third Test concerning the cyphertext shuffling PASSED!!!!!!!!!
found this guys id  9
Fourth Test PASSED!!!!!!!!!
Third Test concerning the cyphertext shuffling PASSED!!!!!!!!!
found this guys id  6
Fourth Test PASSED!!!!!!!!!
Fifth Test PASSED!!!!!!!!!
ZK Proof for encryption is verified for client  4
First Test PASSED!!!!!!!!!Sum of fs is equal to sum of ts
Fifth Test PASSED!!!!!!!!!
Second Test PASSED!!!!!!!!!
Third Test concerning the cyphertext shuffling PASSED!!!!!!!!!
found this guys id  7
Fourth Test PASSED!!!!!!!!!
ZK Proof for encryption is verified for client  7
First Test PASSED!!!!!!!!!Sum of fs is equal to sum of ts
Fifth Test PASSED!!!!!!!!!
Second Test PASSED!!!!!!!!!
Third Test concerning the cyphertext shuffling PASSED!!!!!!!!!
found this guys id  7
Fourth Test PASSED!!!!!!!!!
Fifth Test PASSED!!!!!!!!!
ZK Proof for encryption is verified for client  6
First Test PASSED!!!!!!!!!Sum of fs is equal to sum of ts
ZK Proof for encryption is verified for client  6
First Test PASSED!!!!!!!!!Sum of fs is equal to sum of ts
Second Test PASSED!!!!!!!!!
Third Test concerning the cyphertext shuffling PASSED!!!!!!!!!
found this guys id  6
Fourth Test PASSED!!!!!!!!!
Fifth Test PASSED!!!!!!!!!
ZK Proof for encryption is verified for client  4
First Test PASSED!!!!!!!!!Sum of fs is equal to sum of ts
Second Test PASSED!!!!!!!!!
Second Test PASSED!!!!!!!!!
Third Test concerning the cyphertext shuffling PASSED!!!!!!!!!
Second Test PASSED!!!!!!!!!
Third Test concerning the cyphertext shuffling PASSED!!!!!!!!!
found this guys id  7
Fourth Test PASSED!!!!!!!!!
found this guys id  7
Fifth Test PASSED!!!!!!!!!
Fourth Test PASSED!!!!!!!!!
Fifth Test PASSED!!!!!!!!!
ZK Proof for encryption is verified for client  6
First Test PASSED!!!!!!!!!Sum of fs is equal to sum of ts
ZK Proof for encryption is verified for client  6
First Test PASSED!!!!!!!!!Sum of fs is equal to sum of ts
Second Test PASSED!!!!!!!!!
Second Test PASSED!!!!!!!!!
Third Test concerning the cyphertext shuffling PASSED!!!!!!!!!
found this guys id  4
Fourth Test PASSED!!!!!!!!!
Fifth Test PASSED!!!!!!!!!
ZK Proof for encryption is verified for client  5
First Test PASSED!!!!!!!!!Sum of fs is equal to sum of ts
Third Test concerning the cyphertext shuffling PASSED!!!!!!!!!
Second Test PASSED!!!!!!!!!
Second Test PASSED!!!!!!!!!
found this guys id  4
Fourth Test PASSED!!!!!!!!!
Fifth Test PASSED!!!!!!!!!
Third Test concerning the cyphertext shuffling PASSED!!!!!!!!!
found this guys id  6
Fourth Test PASSED!!!!!!!!!
Second Test PASSED!!!!!!!!!
Third Test concerning the cyphertext shuffling PASSED!!!!!!!!!
found this guys id  6
Fourth Test PASSED!!!!!!!!!
Fifth Test PASSED!!!!!!!!!
ZK Proof for encryption is verified for client  4
First Test PASSED!!!!!!!!!Sum of fs is equal to sum of ts
Second Test PASSED!!!!!!!!!
Third Test concerning the cyphertext shuffling PASSED!!!!!!!!!
found this guys id  4
Fourth Test PASSED!!!!!!!!!
Fifth Test PASSED!!!!!!!!!
ZK Proof for encryption is verified for client  5
First Test PASSED!!!!!!!!!Sum of fs is equal to sum of ts
Fifth Test PASSED!!!!!!!!!
ZK proof passed for client 4
ZK Proof for encryption is verified for client  5
First Test PASSED!!!!!!!!!Sum of fs is equal to sum of ts
4 found entry
Reveal Successful  4
Third Test concerning the cyphertext shuffling PASSED!!!!!!!!!
found this guys id  6
Fourth Test PASSED!!!!!!!!!
Fifth Test PASSED!!!!!!!!!
ZK Proof for encryption is verified for client  4
First Test PASSED!!!!!!!!!Sum of fs is equal to sum of ts
Second Test PASSED!!!!!!!!!
Third Test concerning the cyphertext shuffling PASSED!!!!!!!!!
found this guys id  5
Fourth Test PASSED!!!!!!!!!
Third Test concerning the cyphertext shuffling PASSED!!!!!!!!!
found this guys id  6
Fourth Test PASSED!!!!!!!!!
Fifth Test PASSED!!!!!!!!!
Second Test PASSED!!!!!!!!!
ZK Proof for encryption is verified for client  4
First Test PASSED!!!!!!!!!Sum of fs is equal to sum of ts
Fifth Test PASSED!!!!!!!!!
Third Test concerning the cyphertext shuffling PASSED!!!!!!!!!
found this guys id  5
Fourth Test PASSED!!!!!!!!!
Fifth Test PASSED!!!!!!!!!
ZK Proof for encryption is verified for client  0
First Test PASSED!!!!!!!!!Sum of fs is equal to sum of ts
ZK Proof for encryption is verified for client  0
First Test PASSED!!!!!!!!!Sum of fs is equal to sum of ts
Second Test PASSED!!!!!!!!!
Second Test PASSED!!!!!!!!!
Third Test concerning the cyphertext shuffling PASSED!!!!!!!!!
Second Test PASSED!!!!!!!!!
found this guys id  4
Fourth Test PASSED!!!!!!!!!
Fifth Test PASSED!!!!!!!!!
ZK Proof for encryption is verified for client  5
First Test PASSED!!!!!!!!!Sum of fs is equal to sum of ts
Third Test concerning the cyphertext shuffling PASSED!!!!!!!!!
found this guys id  0
Fourth Test PASSED!!!!!!!!!
Fifth Test PASSED!!!!!!!!!
Second Test PASSED!!!!!!!!!
Third Test concerning the cyphertext shuffling PASSED!!!!!!!!!
Third Test concerning the cyphertext shuffling PASSED!!!!!!!!!
found this guys id  0
Fourth Test PASSED!!!!!!!!!
Fifth Test PASSED!!!!!!!!!
ZK Proof for encryption is verified for client  3
First Test PASSED!!!!!!!!!Sum of fs is equal to sum of ts
found this guys id  5
Fourth Test PASSED!!!!!!!!!
Second Test PASSED!!!!!!!!!
Fifth Test PASSED!!!!!!!!!
ZK Proof for encryption is verified for client  0
First Test PASSED!!!!!!!!!Sum of fs is equal to sum of ts
ZK Proof for encryption is verified for client  3
First Test PASSED!!!!!!!!!Sum of fs is equal to sum of ts
Third Test concerning the cyphertext shuffling PASSED!!!!!!!!!
found this guys id  4
Fourth Test PASSED!!!!!!!!!
Fifth Test PASSED!!!!!!!!!
ZK proof passed for client 5
5 found entry
Reveal Successful  5
Second Test PASSED!!!!!!!!!
Second Test PASSED!!!!!!!!!
Third Test concerning the cyphertext shuffling PASSED!!!!!!!!!
found this guys id  5
Fourth Test PASSED!!!!!!!!!
Fifth Test PASSED!!!!!!!!!
ZK Proof for encryption is verified for client  0
First Test PASSED!!!!!!!!!Sum of fs is equal to sum of ts
Third Test concerning the cyphertext shuffling PASSED!!!!!!!!!
found this guys id  3
Fourth Test PASSED!!!!!!!!!
Fifth Test PASSED!!!!!!!!!
Second Test PASSED!!!!!!!!!
Second Test PASSED!!!!!!!!!
ZK Proof for encryption is verified for client  2
First Test PASSED!!!!!!!!!Sum of fs is equal to sum of ts
Second Test PASSED!!!!!!!!!
Third Test concerning the cyphertext shuffling PASSED!!!!!!!!!
found this guys id  0
Fourth Test PASSED!!!!!!!!!
Fifth Test PASSED!!!!!!!!!
ZK proof passed for client 3
3 found entry
Reveal Successful  3
Third Test concerning the cyphertext shuffling PASSED!!!!!!!!!
Third Test concerning the cyphertext shuffling PASSED!!!!!!!!!
found this guys id  0
found this guys id  3
Fourth Test PASSED!!!!!!!!!
Fourth Test PASSED!!!!!!!!!
Fifth Test PASSED!!!!!!!!!
Fifth Test PASSED!!!!!!!!!
ZK proof passed for client 2
2 found entry
Reveal Successful  2
ZK Proof for encryption is verified for client  3
First Test PASSED!!!!!!!!!Sum of fs is equal to sum of ts
Second Test PASSED!!!!!!!!!
Third Test concerning the cyphertext shuffling PASSED!!!!!!!!!
found this guys id  2
Fourth Test PASSED!!!!!!!!!
Fifth Test PASSED!!!!!!!!!
ZK proof passed for client 8
8 found entry
Reveal Successful  8
Second Test PASSED!!!!!!!!!
Third Test concerning the cyphertext shuffling PASSED!!!!!!!!!
found this guys id  3
Fourth Test PASSED!!!!!!!!!
Fifth Test PASSED!!!!!!!!!
ZK Proof for encryption is verified for client  2
First Test PASSED!!!!!!!!!Sum of fs is equal to sum of ts
Second Test PASSED!!!!!!!!!
Third Test concerning the cyphertext shuffling PASSED!!!!!!!!!
found this guys id  2
Fourth Test PASSED!!!!!!!!!
Fifth Test PASSED!!!!!!!!!
ZK Proof for encryption is verified for client  8
First Test PASSED!!!!!!!!!Sum of fs is equal to sum of ts
Second Test PASSED!!!!!!!!!
Third Test concerning the cyphertext shuffling PASSED!!!!!!!!!
found this guys id  8
Fourth Test PASSED!!!!!!!!!
Fifth Test PASSED!!!!!!!!!
ZK proof passed for client 1
1 found entry
Reveal Successful  1
1
1
1
1
Client 5 protocol completed with reveal
{5 0.000695917 0.000729542 0.543977667 1.6845307919999999 0.000507166 61047 205778 [125 200 206 172 120 157 195 3 74 113 221 63 28 86 59 192 34 151 18 181 50 174 160 11 10 17 103 17 151 34 131 36 245 242 23 118 100 134 106 209 129 49 130 188 54 65 95 85 18 243 85 161 47 120 197 40 150 249 239 95 127 111 241 217 134 152 21 185 206 13 5 167 187 33 204 136 111 3 50 80 255 129 85 239 153 234 51 113 183 235 65 126 181 122 236 228 238 163 255 48 56 91 15 45 142 102 252 28 250 222 124 39 164 55 133 67 238 207 10 49 14 52 1 201 129 3 1 227 182 71 132 11 37 176 102 86 247 65 120 144 129 52 101 185 37 211 12 201 84 66 87 20 45 70 138 34 244 103 109 84 143 135 43 22 243 99 57 114 51 112 255 43 33 254 254 243 115 46 8 43 149 222 34 147 70 152 227 177 63 137 227 171 42 87 93 23 255 217 148 185 95 207 230 135 85 31 16 80 86 86 69 75 119 4 165 139 60 247 198 230 248 168 196 255 134 237 191 96 138 20 47 138 218 57 134 120 249 68 224 98 160 160 199 228 149 133 2 223 200 86 174 153 140 242 11 220]}
2024/06/07 00:25:22 dialing:dial tcp: address 0: missing port in address
1
Client 2 protocol completed with reveal
{2 0.000612667 0.000582416 0.885924209 2.239289625 0.000523833 62788 297141 [60 223 38 148 160 141 188 104 141 100 178 244 201 6 174 59 157 40 170 83 5 192 164 35 230 49 28 90 123 5 138 152 22 70 59 132 29 163 117 38 241 192 173 115 116 167 210 61 139 43 19 145 37 23 69 191 91 67 221 82 219 41 129 91 96 124 165 89 238 1 124 210 196 26 247 30 67 47 186 87 199 96 13 40 2 127 44 75 45 23 231 137 83 242 87 172 50 199 17 91 154 174 3 255 53 80 170 204 245 134 221 142 213 72 210 21 11 126 25 29 221 100 24 196 183 158 213 12 51 131 13 6 28 245 123 241 6 223 29 64 230 48 22 64 19 137 71 176 179 243 125 173 250 115 73 210 124 55 105 192 177 190 155 183 203 150 114 66 213 134 89 215 251 173 114 173 7 131 74 226 67 114 222 120 78 159 33 117 163 38 24 16 183 148 221 50 86 135 229 47 180 66 57 28 239 71 143 109 100 169 53 210 126 214 113 79 114 118 83 236 123 12 124 19 56 11 255 99 73 160 219 174 21 237 188 7 125 252 124 132 222 253 104 255 202 202 13 34 195 138 152 79 225 28 30 145]}
2024/06/07 00:25:22 dialing:dial tcp: address 0: missing port in address
1
1
1
Client 9 protocol completed with reveal
{9 0.0003545 0.000422583 0.066380625 0.000983875 0.000509 58727 81148 [109 143 113 186 173 124 32 122 19 148 127 174 170 51 220 151 190 142 146 120 252 213 214 242 93 206 94 245 20 75 20 254 178 48 97 81 150 43 76 253 71 105 56 37 70 62 251 28 196 166 186 164 231 175 63 248 19 42 14 231 75 189 69 177 56 0 77 197 214 124 214 177 225 55 173 199 170 225 251 62 166 79 167 88 139 178 77 75 243 192 68 208 238 26 133 73 59 95 143 103 111 141 217 61 3 127 94 98 151 8 210 203 141 181 101 90 114 220 243 148 106 161 0 104 7 90 243 57 135 204 74 203 12 224 211 193 119 17 153 244 254 167 90 70 249 42 206 65 94 245 189 138 230 24 228 71 45 18 166 11 22 46 194 150 9 118 206 49 14 128 76 111 74 122 239 186 251 154 164 208 254 210 251 168 3 154 232 202 54 246 13 107 173 249 192 56 213 252 193 226 1 22 94 6 80 172 40 7 138 189 81 65 226 34 89 156 58 46 7 163 27 208 74 214 41 157 252 101 196 180 24 220 198 35 163 227 211 115 241 244 193 122 158 172 166 69 140 100 147 29 174 185 175 88 228 157]}
2024/06/07 00:25:22 dialing:dial tcp: address 0: missing port in address
1
Client 3 protocol completed with reveal
{3 0.000579459 0.000428833 0.622779125 2.184774708 0.000504875 62203 266586 [250 74 53 190 198 191 77 204 189 194 52 67 225 234 115 139 196 111 218 72 222 73 168 190 179 25 37 158 161 251 10 53 88 197 213 96 250 149 148 105 174 96 23 10 169 232 166 115 60 91 123 46 209 164 198 250 86 41 176 242 192 241 66 59 129 72 83 57 49 255 168 115 73 74 193 78 217 136 26 27 224 156 251 115 71 164 187 94 147 116 183 251 237 42 57 211 235 124 20 207 12 205 172 76 63 222 22 100 138 70 86 95 39 3 172 131 219 215 27 38 247 120 142 147 18 143 205 224 94 47 102 90 161 157 236 225 244 5 42 142 158 53 184 116 222 129 57 39 251 45 20 194 77 61 206 200 112 236 190 96 23 240 115 40 253 9 2 94 61 182 90 142 26 10 137 192 95 43 223 184 209 83 57 194 204 255 37 184 165 61 240 141 78 161 106 182 112 235 7 199 181 16 221 123 248 98 153 119 174 157 139 97 133 46 202 170 163 92 125 69 202 202 103 36 3 224 250 242 190 186 220 158 144 77 169 176 252 202 22 206 136 13 90 193 87 124 34 215 3 64 165 206 167 110 239 249]}
2024/06/07 00:25:22 dialing:dial tcp: address 0: missing port in address
Client 4 protocol completed with reveal
{4 0.000554208 0.000430708 0.261725709 0.977753708 0.00078375 60467 175522 [164 75 25 255 100 233 194 188 226 216 52 73 233 156 223 184 133 230 177 241 73 199 243 18 5 191 129 94 90 244 209 47 169 49 110 84 91 120 219 150 85 178 246 149 176 171 126 196 22 199 140 81 84 28 191 3 93 102 138 224 1 241 104 29 47 176 194 128 15 79 159 158 247 82 30 92 205 14 21 4 56 23 227 236 154 245 39 96 43 52 189 171 200 152 8 63 117 232 182 187 227 57 106 46 135 176 69 37 155 141 104 147 198 88 238 155 249 255 188 201 133 19 98 203 41 108 232 35 111 80 57 32 139 68 31 242 95 239 220 140 164 231 118 134 189 203 2 149 184 138 10 4 23 144 179 17 234 219 18 233 55 225 107 114 19 66 252 252 191 233 160 248 66 138 246 228 87 203 163 196 213 133 55 226 90 59 45 243 100 150 205 116 11 101 219 86 148 125 57 227 77 219 232 7 48 70 57 22 65 97 39 150 15 72 30 68 237 176 46 206 133 174 85 235 58 228 46 115 92 111 200 159 137 132 146 221 236 138 179 254 11 152 45 32 204 52 30 199 41 232 198 140 251 179 11 175]}
2024/06/07 00:25:22 dialing:dial tcp: address 0: missing port in address
Client 7 protocol completed with reveal
{7 0.000518625 0.000438333 0.078917209 0.067664292 0.000621459 59310 115809 [236 4 127 171 221 27 140 20 212 124 17 186 140 99 29 240 143 140 116 236 179 82 214 235 116 20 2 168 6 246 5 250 251 12 166 176 227 66 166 18 216 97 254 68 59 212 163 111 43 11 145 37 183 254 219 86 79 213 48 32 149 22 254 255 90 221 186 11 25 169 33 69 162 242 1 14 244 209 7 215 79 254 131 183 47 98 156 41 243 95 198 156 250 95 175 40 227 131 20 98 93 107 70 71 58 25 123 39 57 21 185 113 251 161 233 154 255 39 250 243 224 55 9 196 61 186 223 189 73 16 185 81 244 214 210 125 167 73 66 244 133 70 124 152 35 220 103 125 69 96 110 20 97 125 173 28 230 210 46 249 118 213 98 3 7 0 122 102 179 150 113 191 56 150 177 194 107 249 77 50 207 150 79 67 192 173 1 208 94 101 54 77 231 183 124 118 190 133 214 69 223 124 154 73 191 191 52 92 107 220 147 166 31 246 181 212 33 26 201 133 66 29 192 130 188 91 82 178 250 66 191 22 151 24 100 11 117 54 125 223 222 206 72 127 231 24 138 186 91 159 50 95 26 146 101 223]}
2024/06/07 00:25:22 dialing:dial tcp: address 0: missing port in address
Client 6 protocol completed with reveal
{6 0.000543708 0.0004265 0.09078725 0.137617167 0.000711041 59885 145866 [168 200 8 125 126 127 102 11 100 67 250 85 106 133 243 44 90 46 156 180 52 20 167 173 117 195 183 14 219 221 254 202 150 127 104 205 19 210 178 4 63 107 218 54 56 17 251 239 51 173 114 208 229 138 3 218 206 6 13 74 78 204 105 171 33 41 63 185 50 27 48 239 109 91 106 132 115 231 19 115 77 129 3 123 85 101 120 196 253 102 132 176 26 55 155 152 196 25 10 111 222 164 7 41 167 87 64 149 116 60 255 23 224 217 166 106 78 122 98 159 143 13 33 109 125 200 24 44 60 117 119 137 201 91 193 179 1 127 44 42 166 218 35 179 92 17 251 165 234 224 31 196 131 196 194 170 218 92 138 67 34 233 54 71 94 157 60 185 214 205 46 187 220 208 204 204 144 201 68 128 30 26 57 158 241 21 173 192 195 131 81 46 59 251 172 192 178 122 227 182 123 123 205 133 242 24 84 100 197 46 205 9 241 168 106 79 166 198 59 248 136 249 210 109 49 121 55 6 34 40 78 231 213 72 65 30 100 57 101 185 194 202 9 128 114 240 107 32 14 176 100 253 97 177 73 80]}
2024/06/07 00:25:22 dialing:dial tcp: address 0: missing port in address
Client 8 protocol completed with reveal
{8 0.000551417 0.000423541 1.12606525 2.88381375 0.000865542 63364 328299 [180 55 23 131 170 72 244 97 167 101 244 137 203 138 168 20 91 234 2 232 142 48 242 45 75 53 150 58 230 98 47 33 195 23 131 93 165 52 209 51 190 22 67 127 39 226 174 96 199 14 224 104 157 90 120 144 253 235 164 23 203 215 150 82 164 125 40 247 35 25 132 3 247 39 129 163 177 158 240 127 106 196 94 163 133 24 37 187 66 25 128 222 49 111 161 180 114 66 154 114 5 201 49 153 54 60 131 132 243 145 145 147 4 144 69 219 160 185 62 180 206 13 176 199 24 31 75 109 140 148 77 230 74 71 197 43 83 125 237 95 123 200 123 16 233 57 225 52 35 107 178 231 95 141 24 104 185 237 164 94 140 23 254 252 122 136 50 201 58 103 168 191 153 119 208 116 86 117 139 195 31 23 111 234 21 192 222 132 68 223 134 36 126 51 210 126 58 85 214 208 47 86 223 78 122 51 228 189 39 235 103 210 140 222 32 240 66 14 108 12 55 142 28 118 158 67 247 28 206 135 43 203 99 106 80 110 223 182 216 70 62 44 231 60 2 155 0 190 139 21 74 167 193 186 125 155]}
2024/06/07 00:25:22 dialing:dial tcp: address 0: missing port in address
2024/06/07 00:25:22 fault toleranceunexpected EOF
lock acquired  0
0 shuffling the entries, this is where we generate permuation matrix
Shuffling client 0
lock acquired  6
6 shuffling the entries, this is where we generate permuation matrix
Shuffling client 6
lock acquired  8
8 shuffling the entries, this is where we generate permuation matrix
Shuffling client 8
lock acquired  2
2 shuffling the entries, this is where we generate permuation matrix
Shuffling client 2
lock acquired  1
1 shuffling the entries, this is where we generate permuation matrix
Shuffling client 1
lock acquired  9
9 shuffling the entries, this is where we generate permuation matrix
Shuffling client 9
lock acquired  4
4 shuffling the entries, this is where we generate permuation matrix
Shuffling client 4
lock acquired  3
3 shuffling the entries, this is where we generate permuation matrix
Shuffling client 3
Client 3 protocol completed without reveal
{3 0.000718458 0.000425541 0.102996416 0 0 62029 27199 [211 73 99 167 251 95 127 183 173 238 48 105 50 121 153 204 111 154 201 137 138 62 129 171 134 79 174 87 253 216 122 250 113 9 100 115 62 101 0 0 172 154 30 97 150 10 22 167 121 8 47 133 219 8 119 225 118 24 250 121 6 56 132 191 69 16 194 50 1 103 186 158 213 225 87 235 92 246 247 219 179 242 27 166 103 97 53 84 140 89 141 114 238 48 167 97 227 8 93 213 26 27 103 163 252 28 96 192 7 98 60 98 234 192 133 128 151 146 40 156 183 123 20 2 200 160 248 17 103 72 233 65 131 111 160 118 190 36 28 135 118 87 171 43 115 164 234 122 195 128 27 178 65 74 154 91 6 47 250 1 10 45 151 142 56 216 45 125 101 133 166 125 193 138 142 228 122 206 34 67 22 59 37 19 133 201 25 140 233 49 123 158 215 230 109 90 11 35 159 121 122 212 234 150 136 6 243 95 95 50 248 175 157 94 108 49 112 38 14 110 104 15 95 93 222 61 33 129 9 203 126 20 113 157 215 103 176 227 218 122 43 117 85 156 221 8 64 37 5 194 93 12 202 138 227 172]}
lock acquired  5
2024/06/07 00:27:45 dialing:dial tcp: address 0: missing port in address
5 shuffling the entries, this is where we generate permuation matrix
Shuffling client 5
lock acquired  7
7 shuffling the entries, this is where we generate permuation matrix
Shuffling client 7
ZK Proof for encryption is verified for client  0
First Test PASSED!!!!!!!!!Sum of fs is equal to sum of ts
ZK Proof for encryption is verified for client  0
First Test PASSED!!!!!!!!!Sum of fs is equal to sum of ts
ZK proof passed for client 0
0 found entry
ZK Proof for encryption is verified for client  0
First Test PASSED!!!!!!!!!Sum of fs is equal to sum of ts
ZK Proof for encryption is verified for client  0
First Test PASSED!!!!!!!!!Sum of fs is equal to sum of ts
ZK Proof for encryption is verified for client  0
First Test PASSED!!!!!!!!!Sum of fs is equal to sum of ts
ZK Proof for encryption is verified for client  0
First Test PASSED!!!!!!!!!Sum of fs is equal to sum of ts
ZK Proof for encryption is verified for client  0
First Test PASSED!!!!!!!!!Sum of fs is equal to sum of ts
Second Test PASSED!!!!!!!!!
Reveal Successful  0
ZK Proof for encryption is verified for client  0
First Test PASSED!!!!!!!!!Sum of fs is equal to sum of ts
Second Test PASSED!!!!!!!!!
Second Test PASSED!!!!!!!!!
Third Test concerning the cyphertext shuffling PASSED!!!!!!!!!
Fourth Test PASSED!!!!!!!!!
Fifth Test PASSED!!!!!!!!!
ZK Proof for encryption is verified for client  6
First Test PASSED!!!!!!!!!Sum of fs is equal to sum of ts
Third Test concerning the cyphertext shuffling PASSED!!!!!!!!!
Third Test concerning the cyphertext shuffling PASSED!!!!!!!!!
Fourth Test PASSED!!!!!!!!!
Fourth Test PASSED!!!!!!!!!
Fifth Test PASSED!!!!!!!!!
Second Test PASSED!!!!!!!!!
Fifth Test PASSED!!!!!!!!!
ZK proof passed for client 6
Second Test PASSED!!!!!!!!!
6 found entry
ZK Proof for encryption is verified for client  6
First Test PASSED!!!!!!!!!Sum of fs is equal to sum of ts
Reveal Successful  6
Second Test PASSED!!!!!!!!!
Third Test concerning the cyphertext shuffling PASSED!!!!!!!!!
Fourth Test PASSED!!!!!!!!!
Third Test concerning the cyphertext shuffling PASSED!!!!!!!!!
Fifth Test PASSED!!!!!!!!!
Fourth Test PASSED!!!!!!!!!
Fifth Test PASSED!!!!!!!!!
Second Test PASSED!!!!!!!!!
ZK Proof for encryption is verified for client  6
First Test PASSED!!!!!!!!!Sum of fs is equal to sum of ts
ZK Proof for encryption is verified for client  6
First Test PASSED!!!!!!!!!Sum of fs is equal to sum of ts
Third Test concerning the cyphertext shuffling PASSED!!!!!!!!!
Fourth Test PASSED!!!!!!!!!
Fifth Test PASSED!!!!!!!!!
ZK Proof for encryption is verified for client  6
First Test PASSED!!!!!!!!!Sum of fs is equal to sum of ts
Second Test PASSED!!!!!!!!!
Third Test concerning the cyphertext shuffling PASSED!!!!!!!!!
Fourth Test PASSED!!!!!!!!!
Fifth Test PASSED!!!!!!!!!
ZK proof passed for client 8
8 found entry
Second Test PASSED!!!!!!!!!
Reveal Successful  8
Third Test concerning the cyphertext shuffling PASSED!!!!!!!!!
Second Test PASSED!!!!!!!!!
Fourth Test PASSED!!!!!!!!!
Fifth Test PASSED!!!!!!!!!
Second Test PASSED!!!!!!!!!
ZK Proof for encryption is verified for client  6
First Test PASSED!!!!!!!!!Sum of fs is equal to sum of ts
Third Test concerning the cyphertext shuffling PASSED!!!!!!!!!
Fourth Test PASSED!!!!!!!!!
Fifth Test PASSED!!!!!!!!!
Third Test concerning the cyphertext shuffling PASSED!!!!!!!!!
Fourth Test PASSED!!!!!!!!!
Fifth Test PASSED!!!!!!!!!
ZK Proof for encryption is verified for client  6
First Test PASSED!!!!!!!!!Sum of fs is equal to sum of ts
ZK Proof for encryption is verified for client  8
First Test PASSED!!!!!!!!!Sum of fs is equal to sum of ts
Second Test PASSED!!!!!!!!!
Second Test PASSED!!!!!!!!!
Third Test concerning the cyphertext shuffling PASSED!!!!!!!!!
Fourth Test PASSED!!!!!!!!!
Fifth Test PASSED!!!!!!!!!
ZK Proof for encryption is verified for client  8
First Test PASSED!!!!!!!!!Sum of fs is equal to sum of ts
Second Test PASSED!!!!!!!!!
Third Test concerning the cyphertext shuffling PASSED!!!!!!!!!
Fourth Test PASSED!!!!!!!!!
Fifth Test PASSED!!!!!!!!!
ZK Proof for encryption is verified for client  8
First Test PASSED!!!!!!!!!Sum of fs is equal to sum of ts
Second Test PASSED!!!!!!!!!
Third Test concerning the cyphertext shuffling PASSED!!!!!!!!!
Third Test concerning the cyphertext shuffling PASSED!!!!!!!!!
Fourth Test PASSED!!!!!!!!!
Fifth Test PASSED!!!!!!!!!
ZK Proof for encryption is verified for client  8
First Test PASSED!!!!!!!!!Sum of fs is equal to sum of ts
Second Test PASSED!!!!!!!!!
Fourth Test PASSED!!!!!!!!!
Fifth Test PASSED!!!!!!!!!
Third Test concerning the cyphertext shuffling PASSED!!!!!!!!!
Fourth Test PASSED!!!!!!!!!
Fifth Test PASSED!!!!!!!!!
ZK Proof for encryption is verified for client  2
First Test PASSED!!!!!!!!!Sum of fs is equal to sum of ts
Third Test concerning the cyphertext shuffling PASSED!!!!!!!!!
ZK Proof for encryption is verified for client  2
First Test PASSED!!!!!!!!!Sum of fs is equal to sum of ts
Second Test PASSED!!!!!!!!!
Third Test concerning the cyphertext shuffling PASSED!!!!!!!!!
Fourth Test PASSED!!!!!!!!!
Fourth Test PASSED!!!!!!!!!
Fifth Test PASSED!!!!!!!!!
ZK Proof for encryption is verified for client  8
First Test PASSED!!!!!!!!!Sum of fs is equal to sum of ts
Fifth Test PASSED!!!!!!!!!
Second Test PASSED!!!!!!!!!
Third Test concerning the cyphertext shuffling PASSED!!!!!!!!!
Fourth Test PASSED!!!!!!!!!
Fifth Test PASSED!!!!!!!!!
ZK Proof for encryption is verified for client  2
First Test PASSED!!!!!!!!!Sum of fs is equal to sum of ts
ZK Proof for encryption is verified for client  8
First Test PASSED!!!!!!!!!Sum of fs is equal to sum of ts
Second Test PASSED!!!!!!!!!
Second Test PASSED!!!!!!!!!
Third Test concerning the cyphertext shuffling PASSED!!!!!!!!!
Fourth Test PASSED!!!!!!!!!
Fifth Test PASSED!!!!!!!!!
ZK proof passed for client 1
1 found entry
Reveal Successful  1
Second Test PASSED!!!!!!!!!
Third Test concerning the cyphertext shuffling PASSED!!!!!!!!!
Fourth Test PASSED!!!!!!!!!
Fifth Test PASSED!!!!!!!!!
ZK Proof for encryption is verified for client  2
First Test PASSED!!!!!!!!!Sum of fs is equal to sum of ts
Third Test concerning the cyphertext shuffling PASSED!!!!!!!!!
Fourth Test PASSED!!!!!!!!!
Fifth Test PASSED!!!!!!!!!
ZK proof passed for client 2
2 found entry
Reveal Successful  2
Second Test PASSED!!!!!!!!!
Third Test concerning the cyphertext shuffling PASSED!!!!!!!!!
Fourth Test PASSED!!!!!!!!!
Fifth Test PASSED!!!!!!!!!
ZK Proof for encryption is verified for client  2
First Test PASSED!!!!!!!!!Sum of fs is equal to sum of ts
Second Test PASSED!!!!!!!!!
Second Test PASSED!!!!!!!!!
Third Test concerning the cyphertext shuffling PASSED!!!!!!!!!
Fourth Test PASSED!!!!!!!!!
Fifth Test PASSED!!!!!!!!!
ZK Proof for encryption is verified for client  1
Second Test PASSED!!!!!!!!!
First Test PASSED!!!!!!!!!Sum of fs is equal to sum of ts
Third Test concerning the cyphertext shuffling PASSED!!!!!!!!!
Fourth Test PASSED!!!!!!!!!
Third Test concerning the cyphertext shuffling PASSED!!!!!!!!!
Fifth Test PASSED!!!!!!!!!
Fourth Test PASSED!!!!!!!!!
ZK Proof for encryption is verified for client  1
First Test PASSED!!!!!!!!!Sum of fs is equal to sum of ts
Fifth Test PASSED!!!!!!!!!
ZK Proof for encryption is verified for client  1
First Test PASSED!!!!!!!!!Sum of fs is equal to sum of ts
Second Test PASSED!!!!!!!!!
Third Test concerning the cyphertext shuffling PASSED!!!!!!!!!
Fourth Test PASSED!!!!!!!!!
Fifth Test PASSED!!!!!!!!!
ZK Proof for encryption is verified for client  1
First Test PASSED!!!!!!!!!Sum of fs is equal to sum of ts
Second Test PASSED!!!!!!!!!
Third Test concerning the cyphertext shuffling PASSED!!!!!!!!!
Fourth Test PASSED!!!!!!!!!
Fifth Test PASSED!!!!!!!!!
ZK Proof for encryption is verified for client  9
First Test PASSED!!!!!!!!!Sum of fs is equal to sum of ts
Second Test PASSED!!!!!!!!!
Second Test PASSED!!!!!!!!!
Third Test concerning the cyphertext shuffling PASSED!!!!!!!!!
Fourth Test PASSED!!!!!!!!!
Fifth Test PASSED!!!!!!!!!
ZK Proof for encryption is verified for client  4
First Test PASSED!!!!!!!!!Sum of fs is equal to sum of ts
Second Test PASSED!!!!!!!!!
Third Test concerning the cyphertext shuffling PASSED!!!!!!!!!
Fourth Test PASSED!!!!!!!!!
Fifth Test PASSED!!!!!!!!!
ZK Proof for encryption is verified for client  9
First Test PASSED!!!!!!!!!Sum of fs is equal to sum of ts
Second Test PASSED!!!!!!!!!
Third Test concerning the cyphertext shuffling PASSED!!!!!!!!!
Fourth Test PASSED!!!!!!!!!
Fifth Test PASSED!!!!!!!!!
ZK proof passed for client 9
9 found entry
Reveal Successful  9
Third Test concerning the cyphertext shuffling PASSED!!!!!!!!!
Fourth Test PASSED!!!!!!!!!
Fifth Test PASSED!!!!!!!!!
ZK proof passed for client 4
4 found entry
Second Test PASSED!!!!!!!!!
Second Test PASSED!!!!!!!!!
Reveal Successful  4
Third Test concerning the cyphertext shuffling PASSED!!!!!!!!!
Third Test concerning the cyphertext shuffling PASSED!!!!!!!!!
Fourth Test PASSED!!!!!!!!!
Fifth Test PASSED!!!!!!!!!
Fourth Test PASSED!!!!!!!!!
ZK Proof for encryption is verified for client  3
First Test PASSED!!!!!!!!!Sum of fs is equal to sum of ts
Fifth Test PASSED!!!!!!!!!
ZK Proof for encryption is verified for client  9
First Test PASSED!!!!!!!!!Sum of fs is equal to sum of ts
Second Test PASSED!!!!!!!!!
Second Test PASSED!!!!!!!!!
Third Test concerning the cyphertext shuffling PASSED!!!!!!!!!
Fourth Test PASSED!!!!!!!!!
Fifth Test PASSED!!!!!!!!!
ZK proof passed for client 5
5 found entry
Reveal Successful  5
Third Test concerning the cyphertext shuffling PASSED!!!!!!!!!
Fourth Test PASSED!!!!!!!!!
Fifth Test PASSED!!!!!!!!!
ZK Proof for encryption is verified for client  4
First Test PASSED!!!!!!!!!Sum of fs is equal to sum of ts
Second Test PASSED!!!!!!!!!
Third Test concerning the cyphertext shuffling PASSED!!!!!!!!!
Fourth Test PASSED!!!!!!!!!
Fifth Test PASSED!!!!!!!!!
ZK Proof for encryption is verified for client  3
First Test PASSED!!!!!!!!!Sum of fs is equal to sum of ts
Second Test PASSED!!!!!!!!!
Third Test concerning the cyphertext shuffling PASSED!!!!!!!!!
Fourth Test PASSED!!!!!!!!!
Fifth Test PASSED!!!!!!!!!
ZK Proof for encryption is verified for client  5
First Test PASSED!!!!!!!!!Sum of fs is equal to sum of ts
Second Test PASSED!!!!!!!!!
Third Test concerning the cyphertext shuffling PASSED!!!!!!!!!
Fourth Test PASSED!!!!!!!!!
Fifth Test PASSED!!!!!!!!!
ZK proof passed for client 7
7 found entry
Reveal Successful  7
Client 9 protocol completed with reveal
{9 0.000347875 0.000428042 0.094677917 2.250672584 0.000495833 61932 237631 [28 178 243 237 209 238 2 234 126 69 149 119 110 179 191 5 19 247 16 233 219 162 11 212 195 71 190 66 86 84 129 36 17 184 56 192 30 172 9 193 131 192 109 204 72 164 104 235 155 180 247 255 247 198 244 146 20 147 136 126 212 0 152 111 57 122 252 55 1 217 2 126 184 133 62 118 142 183 135 70 175 189 155 8 85 180 78 74 232 115 139 90 76 77 248 228 142 121 238 135 74 179 245 105 160 195 136 82 224 255 182 208 1 116 204 58 240 144 185 106 2 44 153 212 133 98 131 150 50 120 220 100 108 136 89 251 20 104 84 159 102 5 228 158 205 200 86 23 163 189 72 8 17 242 203 76 162 93 11 150 171 237 249 151 116 230 43 59 171 207 181 76 135 152 210 135 232 83 94 7 255 117 39 70 249 12 239 15 187 147 181 42 142 137 97 9 128 130 92 86 109 195 97 67 115 22 9 110 205 75 84 146 180 190 252 71 234 104 205 43 130 109 241 32 239 254 99 115 220 25 10 16 147 108 209 212 65 98 63 82 110 74 32 136 224 159 36 192 230 226 241 219 119 145 111 100]}
2024/06/07 00:27:49 dialing:dial tcp: address 0: missing port in address
Client 1 protocol completed with reveal
{1 0.000745958 0.00045825 0.093350792 0.88856175 0.000499 61357 206989 [132 174 240 93 156 148 115 5 217 148 98 164 209 115 231 228 157 16 194 88 124 137 10 104 107 108 146 106 15 66 8 225 153 22 47 77 236 31 217 103 203 5 111 130 208 210 3 102 188 64 170 110 247 5 65 137 57 74 156 39 112 162 232 29 186 184 91 172 95 225 79 241 89 30 101 58 49 101 106 8 212 82 139 129 92 103 232 181 71 125 85 51 189 141 217 81 13 171 130 107 134 175 78 214 147 80 129 11 7 197 98 176 193 242 92 210 75 207 132 45 44 188 41 196 8 60 55 197 251 93 73 169 111 225 46 101 97 111 8 24 111 178 248 105 4 51 228 60 101 42 124 90 172 92 81 116 36 50 227 58 186 43 120 236 51 16 112 35 136 246 40 239 23 228 150 61 181 106 203 235 231 102 62 105 112 24 8 254 112 35 196 107 131 255 60 38 148 154 249 40 151 34 139 154 251 128 120 246 61 228 72 225 150 248 97 243 71 240 157 45 58 226 22 122 222 188 89 143 52 67 17 36 59 85 194 111 224 30 231 127 64 252 168 84 222 229 147 127 102 140 221 216 230 242 235 203]}
2024/06/07 00:27:49 dialing:dial tcp: address 0: missing port in address
Client 0 protocol completed with reveal
{0 0.000755209 0.000430916 0.071203334 0.000965125 0.000497417 59037 81223 [64 248 47 95 241 43 186 218 200 198 72 91 111 221 158 84 68 141 189 225 113 41 248 252 8 42 210 169 210 239 108 76 19 230 152 24 34 65 226 136 210 237 13 140 21 108 233 23 92 70 248 64 6 60 95 60 30 144 232 105 222 48 215 181 177 99 206 254 225 151 80 70 32 151 61 153 167 187 11 50 90 29 30 82 27 176 139 55 70 184 88 61 97 62 202 144 125 55 83 145 241 206 250 108 32 121 148 39 160 54 191 123 132 96 50 224 122 132 138 115 62 102 80 83 174 27 133 93 49 133 166 180 118 109 242 162 155 192 143 72 186 113 231 136 208 238 37 59 216 217 255 15 236 123 81 112 46 100 241 188 169 190 25 8 186 200 67 48 203 4 33 183 221 34 212 60 111 161 127 150 81 136 181 139 177 67 41 168 4 115 210 149 140 225 103 219 113 42 144 156 141 147 182 205 28 250 73 213 51 218 216 140 44 93 239 41 155 124 115 54 65 182 138 86 45 111 157 135 7 65 181 94 211 138 139 73 199 167 100 12 38 146 158 73 140 97 208 24 223 194 43 107 53 52 29 153]}
2024/06/07 00:27:49 dialing:dial tcp: address 0: missing port in address
Client 5 protocol completed with reveal
{5 0.000747625 0.00043325 0.1042815 3.4740786249999998 0.000508542 63669 330153 [193 173 181 231 235 152 119 91 205 42 60 234 105 173 15 120 65 96 135 88 148 66 14 231 85 40 20 90 18 119 154 119 124 160 2 164 169 180 160 211 83 184 255 125 67 55 112 185 37 137 4 87 185 120 82 139 204 12 25 127 80 11 43 16 249 143 148 254 254 230 79 223 97 90 212 50 215 121 138 176 136 147 217 8 90 150 199 187 199 147 218 58 148 98 68 1 151 82 244 201 214 153 109 99 85 139 29 35 174 242 137 193 16 220 117 111 185 137 87 31 53 41 88 67 34 15 23 78 139 242 237 254 151 118 115 229 245 145 17 170 193 188 182 140 229 36 131 16 173 148 109 8 251 250 160 241 88 191 43 240 41 125 197 74 206 194 79 80 90 74 47 106 31 225 99 22 166 115 3 1 201 72 29 98 163 248 246 91 81 173 236 79 15 6 4 67 62 201 36 181 100 2 131 98 36 222 166 185 54 84 47 136 167 183 227 189 188 147 128 56 244 214 55 226 83 1 17 242 13 105 141 167 16 70 104 94 231 191 187 206 78 57 136 70 212 174 5 203 38 241 117 104 95 178 104 21]}
2024/06/07 00:27:49 dialing:dial tcp: address 0: missing port in address
Client 6 protocol completed with reveal
{6 0.000620834 0.000418459 0.819496459 0.064031416 0.000498875 59618 115672 [29 131 118 182 212 84 196 33 118 184 167 32 247 13 233 230 143 129 90 168 72 203 1 229 193 50 223 53 86 140 150 76 161 60 205 193 8 20 244 78 177 4 167 160 255 33 8 99 19 104 116 134 125 101 39 145 141 221 242 162 36 12 27 204 187 215 108 68 129 152 133 48 234 8 183 78 48 118 132 103 105 186 153 49 135 26 147 121 73 237 31 141 7 24 80 212 77 176 99 211 187 229 215 193 204 57 149 195 114 212 157 131 241 7 130 241 164 185 1 171 98 162 207 16 23 98 124 180 126 129 190 111 219 226 97 6 103 170 147 83 127 160 83 86 122 88 5 109 39 173 206 106 195 41 22 251 111 199 7 72 250 1 218 145 146 162 123 19 70 206 86 128 58 164 29 26 44 131 35 216 240 106 40 36 207 192 225 30 223 163 120 67 46 62 253 117 137 161 142 84 147 71 138 240 33 81 92 233 206 219 29 212 233 224 79 26 116 43 39 132 166 15 148 226 127 19 94 11 36 215 159 129 9 225 255 199 195 45 11 239 219 69 112 151 40 67 41 244 7 177 54 194 211 132 121 216]}
2024/06/07 00:27:49 dialing:dial tcp: address 0: missing port in address
Client 4 protocol completed with reveal
{4 0.000620333 0.000449042 0.131436083 2.578505 0.00050125 62518 268369 [128 244 59 176 224 62 195 45 99 161 105 123 41 98 66 136 26 0 4 248 203 211 114 155 96 224 205 110 242 148 69 244 59 91 97 194 168 57 127 59 58 233 115 18 163 56 189 181 158 68 39 114 52 150 246 201 156 19 5 191 126 116 14 21 79 95 249 176 12 164 224 247 82 128 68 44 35 201 153 138 53 92 137 176 130 228 183 202 112 73 191 211 165 135 178 245 199 166 242 236 52 20 177 74 248 174 135 24 103 125 21 40 175 49 11 142 65 220 255 57 98 27 166 209 181 245 225 245 191 98 39 92 38 127 225 39 85 137 111 100 175 181 175 22 156 116 9 127 148 93 238 75 76 124 125 116 88 151 254 105 252 59 210 63 216 142 190 207 136 146 110 61 135 45 129 23 152 102 113 126 254 140 115 226 202 74 235 61 104 228 152 140 110 184 159 225 250 65 48 76 76 241 216 163 64 117 159 163 218 69 231 24 51 136 44 233 30 116 193 168 72 94 47 227 233 247 195 51 205 232 245 36 123 92 202 115 55 138 216 231 232 209 26 22 233 15 117 163 223 248 95 103 184 207 105 30]}
2024/06/07 00:27:49 dialing:dial tcp: address 0: missing port in address
Client 2 protocol completed with reveal
{2 0.00070475 0.000451708 0.090364416 1.044909333 0.000496 60780 176445 [21 0 15 59 221 25 96 107 197 216 64 184 33 91 210 103 239 25 107 4 97 220 74 157 138 6 164 1 178 54 182 0 220 18 9 81 65 170 116 176 10 33 157 121 255 182 81 2 154 168 51 149 5 157 46 182 70 85 247 223 182 102 239 180 20 31 19 63 11 78 205 12 68 201 7 50 172 35 154 84 133 242 108 221 242 203 105 14 178 94 111 64 233 200 42 137 30 251 62 229 139 251 218 0 33 171 99 150 157 103 7 82 228 129 9 22 87 138 13 176 11 114 165 227 213 121 219 117 195 220 222 240 191 30 102 138 97 253 52 223 2 50 254 43 106 162 111 28 117 236 28 77 196 209 94 215 193 169 52 183 29 7 4 19 185 139 87 164 188 200 251 186 185 15 153 50 95 102 248 123 2 248 243 51 226 21 145 220 236 25 129 162 178 97 182 98 190 137 246 70 26 108 251 249 60 212 255 50 221 251 156 192 13 40 96 125 42 183 99 152 58 246 12 98 66 112 174 130 157 246 188 10 14 62 133 96 107 163 249 174 7 136 240 220 122 180 126 19 63 13 161 98 35 217 67 86]}
2024/06/07 00:27:49 dialing:dial tcp: address 0: missing port in address
Client 7 protocol completed with reveal
{7 0.000699375 0.000464541 0.256320875 3.780321541 0.000501917 64249 361191 [171 19 249 144 242 246 137 68 165 2 19 249 44 9 169 134 55 142 163 111 53 79 233 21 255 203 213 247 107 243 197 238 166 230 149 151 166 114 209 249 227 190 89 66 215 130 4 24 228 190 151 207 45 65 184 23 49 147 118 235 253 226 97 43 156 236 157 192 246 75 227 13 142 150 175 103 219 3 147 201 113 212 200 219 161 24 139 43 96 181 115 141 225 146 86 168 167 185 200 103 223 52 220 8 38 134 188 195 238 105 47 139 230 193 131 240 138 76 119 245 50 233 197 164 35 21 4 135 205 153 11 139 7 8 178 67 96 120 80 255 241 88 108 224 73 239 49 10 53 193 71 225 28 23 75 155 100 157 114 111 65 19 110 6 82 194 81 23 217 246 202 5 4 80 72 151 135 210 44 171 174 13 152 162 214 32 231 248 152 123 123 152 132 1 71 148 178 94 211 18 80 46 111 140 132 72 50 105 30 187 42 53 133 26 214 173 30 77 11 87 53 61 193 237 105 94 159 209 159 249 19 139 148 140 128 18 174 106 42 209 92 86 236 20 48 226 124 249 44 175 41 91 196 188 255 61]}
2024/06/07 00:27:49 dialing:dial tcp: address 0: missing port in address
2024/06/07 00:27:49 fault toleranceunexpected EOF
